{"C:\\DTU\\3.semester\\02369 Software processes and patterns\\hesteapp\\MyStable\\app\\_layout.tsx": {"path":"C:\\DTU\\3.semester\\02369 Software processes and patterns\\hesteapp\\MyStable\\app\\_layout.tsx","statementMap":{"0":{"start":{"line":19,"column":24},"end":{"line":32,"column":1}},"1":{"start":{"line":39,"column":33},"end":{"line":42,"column":1}},"2":{"start":{"line":45,"column":0},"end":{"line":45,"column":36}},"3":{"start":{"line":48,"column":26},"end":{"line":51,"column":4}},"4":{"start":{"line":54,"column":2},"end":{"line":56,"column":14}},"5":{"start":{"line":55,"column":4},"end":{"line":55,"column":27}},"6":{"start":{"line":55,"column":15},"end":{"line":55,"column":27}},"7":{"start":{"line":58,"column":2},"end":{"line":62,"column":15}},"8":{"start":{"line":59,"column":4},"end":{"line":61,"column":5}},"9":{"start":{"line":60,"column":6},"end":{"line":60,"column":31}},"10":{"start":{"line":64,"column":2},"end":{"line":66,"column":3}},"11":{"start":{"line":65,"column":4},"end":{"line":65,"column":16}},"12":{"start":{"line":68,"column":2},"end":{"line":68,"column":27}},"13":{"start":{"line":72,"column":22},"end":{"line":72,"column":38}},"14":{"start":{"line":73,"column":26},"end":{"line":73,"column":53}},"15":{"start":{"line":75,"column":2},"end":{"line":81,"column":9}},"16":{"start":{"line":76,"column":24},"end":{"line":78,"column":6}},"17":{"start":{"line":77,"column":6},"end":{"line":77,"column":27}},"18":{"start":{"line":80,"column":4},"end":{"line":80,"column":31}},"19":{"start":{"line":80,"column":17},"end":{"line":80,"column":30}},"20":{"start":{"line":83,"column":2},"end":{"line":118,"column":4}},"21":{"start":{"line":98,"column":16},"end":{"line":110,"column":23}},"22":{"start":{"line":121,"column":15},"end":{"line":126,"column":2}}},"fnMap":{"0":{"name":"RootLayout","decl":{"start":{"line":47,"column":24},"end":{"line":47,"column":34}},"loc":{"start":{"line":47,"column":37},"end":{"line":69,"column":1}},"line":47},"1":{"name":"(anonymous_1)","decl":{"start":{"line":54,"column":12},"end":{"line":54,"column":13}},"loc":{"start":{"line":54,"column":18},"end":{"line":56,"column":3}},"line":54},"2":{"name":"(anonymous_2)","decl":{"start":{"line":58,"column":12},"end":{"line":58,"column":13}},"loc":{"start":{"line":58,"column":18},"end":{"line":62,"column":3}},"line":58},"3":{"name":"RootLayoutNav","decl":{"start":{"line":71,"column":9},"end":{"line":71,"column":22}},"loc":{"start":{"line":71,"column":25},"end":{"line":119,"column":1}},"line":71},"4":{"name":"(anonymous_4)","decl":{"start":{"line":75,"column":12},"end":{"line":75,"column":13}},"loc":{"start":{"line":75,"column":18},"end":{"line":81,"column":3}},"line":75},"5":{"name":"(anonymous_5)","decl":{"start":{"line":76,"column":49},"end":{"line":76,"column":50}},"loc":{"start":{"line":76,"column":66},"end":{"line":78,"column":5}},"line":76},"6":{"name":"(anonymous_6)","decl":{"start":{"line":80,"column":11},"end":{"line":80,"column":12}},"loc":{"start":{"line":80,"column":17},"end":{"line":80,"column":30}},"line":80},"7":{"name":"(anonymous_7)","decl":{"start":{"line":97,"column":26},"end":{"line":97,"column":27}},"loc":{"start":{"line":98,"column":16},"end":{"line":110,"column":23}},"line":98}},"branchMap":{"0":{"loc":{"start":{"line":55,"column":4},"end":{"line":55,"column":27}},"type":"if","locations":[{"start":{"line":55,"column":4},"end":{"line":55,"column":27}},{"start":{},"end":{}}],"line":55},"1":{"loc":{"start":{"line":59,"column":4},"end":{"line":61,"column":5}},"type":"if","locations":[{"start":{"line":59,"column":4},"end":{"line":61,"column":5}},{"start":{},"end":{}}],"line":59},"2":{"loc":{"start":{"line":64,"column":2},"end":{"line":66,"column":3}},"type":"if","locations":[{"start":{"line":64,"column":2},"end":{"line":66,"column":3}},{"start":{},"end":{}}],"line":64},"3":{"loc":{"start":{"line":105,"column":36},"end":{"line":105,"column":58}},"type":"binary-expr","locations":[{"start":{"line":105,"column":36},"end":{"line":105,"column":47}},{"start":{"line":105,"column":51},"end":{"line":105,"column":58}}],"line":105}},"s":{"0":1,"1":1,"2":1,"3":0,"4":0,"5":0,"6":0,"7":0,"8":0,"9":0,"10":0,"11":0,"12":0,"13":0,"14":0,"15":0,"16":0,"17":0,"18":0,"19":0,"20":0,"21":0,"22":1},"f":{"0":0,"1":0,"2":0,"3":0,"4":0,"5":0,"6":0,"7":0},"b":{"0":[0,0],"1":[0,0],"2":[0,0],"3":[0,0]},"_coverageSchema":"1a1c01bbd47fc00a2c39e90264f33305004495a9","hash":"6e1ba8395a49a60ed2dd52ccec719e481a045e29"}
,"C:\\DTU\\3.semester\\02369 Software processes and patterns\\hesteapp\\MyStable\\app\\(tabs)\\index.tsx": {"path":"C:\\DTU\\3.semester\\02369 Software processes and patterns\\hesteapp\\MyStable\\app\\(tabs)\\index.tsx","statementMap":{"0":{"start":{"line":31,"column":30},"end":{"line":31,"column":56}},"1":{"start":{"line":32,"column":32},"end":{"line":32,"column":46}},"2":{"start":{"line":33,"column":40},"end":{"line":33,"column":55}},"3":{"start":{"line":34,"column":38},"end":{"line":34,"column":64}},"4":{"start":{"line":35,"column":44},"end":{"line":35,"column":59}},"5":{"start":{"line":36,"column":21},"end":{"line":36,"column":31}},"6":{"start":{"line":37,"column":17},"end":{"line":37,"column":28}},"7":{"start":{"line":38,"column":19},"end":{"line":38,"column":32}},"8":{"start":{"line":40,"column":2},"end":{"line":44,"column":4}},"9":{"start":{"line":42,"column":6},"end":{"line":42,"column":28}},"10":{"start":{"line":46,"column":26},"end":{"line":78,"column":3}},"11":{"start":{"line":47,"column":4},"end":{"line":47,"column":21}},"12":{"start":{"line":48,"column":15},"end":{"line":48,"column":29}},"13":{"start":{"line":49,"column":17},"end":{"line":49,"column":33}},"14":{"start":{"line":51,"column":4},"end":{"line":76,"column":5}},"15":{"start":{"line":52,"column":25},"end":{"line":52,"column":51}},"16":{"start":{"line":53,"column":27},"end":{"line":53,"column":51}},"17":{"start":{"line":55,"column":6},"end":{"line":75,"column":7}},"18":{"start":{"line":56,"column":25},"end":{"line":56,"column":44}},"19":{"start":{"line":57,"column":25},"end":{"line":57,"column":43}},"20":{"start":{"line":59,"column":8},"end":{"line":74,"column":9}},"21":{"start":{"line":60,"column":32},"end":{"line":60,"column":60}},"22":{"start":{"line":61,"column":33},"end":{"line":61,"column":60}},"23":{"start":{"line":63,"column":10},"end":{"line":73,"column":11}},"24":{"start":{"line":64,"column":31},"end":{"line":64,"column":52}},"25":{"start":{"line":67,"column":28},"end":{"line":67,"column":58}},"26":{"start":{"line":68,"column":29},"end":{"line":68,"column":68}},"27":{"start":{"line":70,"column":12},"end":{"line":70,"column":60}},"28":{"start":{"line":72,"column":12},"end":{"line":72,"column":28}},"29":{"start":{"line":77,"column":4},"end":{"line":77,"column":22}},"30":{"start":{"line":80,"column":30},"end":{"line":97,"column":3}},"31":{"start":{"line":81,"column":15},"end":{"line":81,"column":29}},"32":{"start":{"line":82,"column":17},"end":{"line":82,"column":33}},"33":{"start":{"line":84,"column":4},"end":{"line":96,"column":5}},"34":{"start":{"line":85,"column":29},"end":{"line":85,"column":58}},"35":{"start":{"line":86,"column":16},"end":{"line":86,"column":77}},"36":{"start":{"line":87,"column":28},"end":{"line":87,"column":44}},"37":{"start":{"line":89,"column":6},"end":{"line":95,"column":7}},"38":{"start":{"line":90,"column":30},"end":{"line":90,"column":51}},"39":{"start":{"line":91,"column":31},"end":{"line":91,"column":51}},"40":{"start":{"line":92,"column":8},"end":{"line":92,"column":67}},"41":{"start":{"line":94,"column":8},"end":{"line":94,"column":28}},"42":{"start":{"line":99,"column":33},"end":{"line":137,"column":3}},"43":{"start":{"line":100,"column":4},"end":{"line":102,"column":5}},"44":{"start":{"line":101,"column":6},"end":{"line":101,"column":13}},"45":{"start":{"line":104,"column":4},"end":{"line":136,"column":5}},"46":{"start":{"line":105,"column":17},"end":{"line":105,"column":31}},"47":{"start":{"line":106,"column":28},"end":{"line":106,"column":49}},"48":{"start":{"line":107,"column":25},"end":{"line":107,"column":56}},"49":{"start":{"line":109,"column":6},"end":{"line":111,"column":9}},"50":{"start":{"line":113,"column":27},"end":{"line":113,"column":66}},"51":{"start":{"line":114,"column":29},"end":{"line":114,"column":55}},"52":{"start":{"line":115,"column":6},"end":{"line":125,"column":7}},"53":{"start":{"line":116,"column":27},"end":{"line":116,"column":48}},"54":{"start":{"line":118,"column":31},"end":{"line":120,"column":27}},"55":{"start":{"line":121,"column":8},"end":{"line":124,"column":11}},"56":{"start":{"line":127,"column":31},"end":{"line":127,"column":68}},"57":{"start":{"line":128,"column":6},"end":{"line":128,"column":40}},"58":{"start":{"line":130,"column":6},"end":{"line":130,"column":26}},"59":{"start":{"line":131,"column":6},"end":{"line":131,"column":24}},"60":{"start":{"line":132,"column":6},"end":{"line":132,"column":49}},"61":{"start":{"line":134,"column":6},"end":{"line":134,"column":47}},"62":{"start":{"line":135,"column":6},"end":{"line":135,"column":60}},"63":{"start":{"line":139,"column":34},"end":{"line":154,"column":3}},"64":{"start":{"line":140,"column":4},"end":{"line":142,"column":5}},"65":{"start":{"line":141,"column":6},"end":{"line":141,"column":13}},"66":{"start":{"line":144,"column":4},"end":{"line":153,"column":5}},"67":{"start":{"line":145,"column":31},"end":{"line":145,"column":68}},"68":{"start":{"line":146,"column":6},"end":{"line":146,"column":40}},"69":{"start":{"line":148,"column":6},"end":{"line":148,"column":26}},"70":{"start":{"line":149,"column":6},"end":{"line":149,"column":49}},"71":{"start":{"line":151,"column":6},"end":{"line":151,"column":64}},"72":{"start":{"line":152,"column":6},"end":{"line":152,"column":55}},"73":{"start":{"line":156,"column":20},"end":{"line":158,"column":3}},"74":{"start":{"line":157,"column":4},"end":{"line":157,"column":26}},"75":{"start":{"line":160,"column":21},"end":{"line":162,"column":3}},"76":{"start":{"line":161,"column":4},"end":{"line":161,"column":27}},"77":{"start":{"line":164,"column":28},"end":{"line":167,"column":3}},"78":{"start":{"line":165,"column":4},"end":{"line":165,"column":17}},"79":{"start":{"line":166,"column":4},"end":{"line":166,"column":22}},"80":{"start":{"line":169,"column":2},"end":{"line":184,"column":9}},"81":{"start":{"line":170,"column":24},"end":{"line":181,"column":6}},"82":{"start":{"line":171,"column":6},"end":{"line":180,"column":7}},"83":{"start":{"line":172,"column":8},"end":{"line":172,"column":29}},"84":{"start":{"line":173,"column":8},"end":{"line":173,"column":26}},"85":{"start":{"line":174,"column":8},"end":{"line":174,"column":30}},"86":{"start":{"line":176,"column":8},"end":{"line":176,"column":30}},"87":{"start":{"line":177,"column":8},"end":{"line":177,"column":24}},"88":{"start":{"line":178,"column":8},"end":{"line":178,"column":28}},"89":{"start":{"line":179,"column":8},"end":{"line":179,"column":26}},"90":{"start":{"line":183,"column":4},"end":{"line":183,"column":31}},"91":{"start":{"line":183,"column":17},"end":{"line":183,"column":30}},"92":{"start":{"line":186,"column":2},"end":{"line":190,"column":30}},"93":{"start":{"line":187,"column":4},"end":{"line":189,"column":5}},"94":{"start":{"line":188,"column":6},"end":{"line":188,"column":24}},"95":{"start":{"line":192,"column":2},"end":{"line":203,"column":3}},"96":{"start":{"line":193,"column":4},"end":{"line":202,"column":6}},"97":{"start":{"line":205,"column":2},"end":{"line":285,"column":4}},"98":{"start":{"line":222,"column":33},"end":{"line":222,"column":68}},"99":{"start":{"line":240,"column":27},"end":{"line":240,"column":71}},"100":{"start":{"line":258,"column":25},"end":{"line":258,"column":65}},"101":{"start":{"line":288,"column":15},"end":{"line":363,"column":2}}},"fnMap":{"0":{"name":"TabOneScreen","decl":{"start":{"line":30,"column":24},"end":{"line":30,"column":36}},"loc":{"start":{"line":30,"column":39},"end":{"line":286,"column":1}},"line":30},"1":{"name":"(anonymous_1)","decl":{"start":{"line":41,"column":22},"end":{"line":41,"column":23}},"loc":{"start":{"line":41,"column":28},"end":{"line":43,"column":5}},"line":41},"2":{"name":"(anonymous_2)","decl":{"start":{"line":46,"column":26},"end":{"line":46,"column":27}},"loc":{"start":{"line":46,"column":38},"end":{"line":78,"column":3}},"line":46},"3":{"name":"(anonymous_3)","decl":{"start":{"line":80,"column":30},"end":{"line":80,"column":31}},"loc":{"start":{"line":80,"column":42},"end":{"line":97,"column":3}},"line":80},"4":{"name":"(anonymous_4)","decl":{"start":{"line":99,"column":33},"end":{"line":99,"column":34}},"loc":{"start":{"line":99,"column":45},"end":{"line":137,"column":3}},"line":99},"5":{"name":"(anonymous_5)","decl":{"start":{"line":139,"column":34},"end":{"line":139,"column":35}},"loc":{"start":{"line":139,"column":46},"end":{"line":154,"column":3}},"line":139},"6":{"name":"(anonymous_6)","decl":{"start":{"line":156,"column":20},"end":{"line":156,"column":21}},"loc":{"start":{"line":156,"column":26},"end":{"line":158,"column":3}},"line":156},"7":{"name":"(anonymous_7)","decl":{"start":{"line":160,"column":21},"end":{"line":160,"column":22}},"loc":{"start":{"line":160,"column":27},"end":{"line":162,"column":3}},"line":160},"8":{"name":"(anonymous_8)","decl":{"start":{"line":164,"column":28},"end":{"line":164,"column":29}},"loc":{"start":{"line":164,"column":34},"end":{"line":167,"column":3}},"line":164},"9":{"name":"(anonymous_9)","decl":{"start":{"line":169,"column":12},"end":{"line":169,"column":13}},"loc":{"start":{"line":169,"column":18},"end":{"line":184,"column":3}},"line":169},"10":{"name":"(anonymous_10)","decl":{"start":{"line":170,"column":49},"end":{"line":170,"column":50}},"loc":{"start":{"line":170,"column":59},"end":{"line":181,"column":5}},"line":170},"11":{"name":"(anonymous_11)","decl":{"start":{"line":183,"column":11},"end":{"line":183,"column":12}},"loc":{"start":{"line":183,"column":17},"end":{"line":183,"column":30}},"line":183},"12":{"name":"(anonymous_12)","decl":{"start":{"line":186,"column":12},"end":{"line":186,"column":13}},"loc":{"start":{"line":186,"column":18},"end":{"line":190,"column":3}},"line":186},"13":{"name":"(anonymous_13)","decl":{"start":{"line":222,"column":27},"end":{"line":222,"column":28}},"loc":{"start":{"line":222,"column":33},"end":{"line":222,"column":68}},"line":222},"14":{"name":"(anonymous_14)","decl":{"start":{"line":240,"column":21},"end":{"line":240,"column":22}},"loc":{"start":{"line":240,"column":27},"end":{"line":240,"column":71}},"line":240},"15":{"name":"(anonymous_15)","decl":{"start":{"line":258,"column":19},"end":{"line":258,"column":20}},"loc":{"start":{"line":258,"column":25},"end":{"line":258,"column":65}},"line":258}},"branchMap":{"0":{"loc":{"start":{"line":51,"column":4},"end":{"line":76,"column":5}},"type":"if","locations":[{"start":{"line":51,"column":4},"end":{"line":76,"column":5}},{"start":{},"end":{}}],"line":51},"1":{"loc":{"start":{"line":55,"column":6},"end":{"line":75,"column":7}},"type":"if","locations":[{"start":{"line":55,"column":6},"end":{"line":75,"column":7}},{"start":{},"end":{}}],"line":55},"2":{"loc":{"start":{"line":59,"column":8},"end":{"line":74,"column":9}},"type":"if","locations":[{"start":{"line":59,"column":8},"end":{"line":74,"column":9}},{"start":{},"end":{}}],"line":59},"3":{"loc":{"start":{"line":63,"column":10},"end":{"line":73,"column":11}},"type":"if","locations":[{"start":{"line":63,"column":10},"end":{"line":73,"column":11}},{"start":{"line":71,"column":17},"end":{"line":73,"column":11}}],"line":63},"4":{"loc":{"start":{"line":84,"column":4},"end":{"line":96,"column":5}},"type":"if","locations":[{"start":{"line":84,"column":4},"end":{"line":96,"column":5}},{"start":{},"end":{}}],"line":84},"5":{"loc":{"start":{"line":89,"column":6},"end":{"line":95,"column":7}},"type":"if","locations":[{"start":{"line":89,"column":6},"end":{"line":95,"column":7}},{"start":{"line":93,"column":13},"end":{"line":95,"column":7}}],"line":89},"6":{"loc":{"start":{"line":100,"column":4},"end":{"line":102,"column":5}},"type":"if","locations":[{"start":{"line":100,"column":4},"end":{"line":102,"column":5}},{"start":{},"end":{}}],"line":100},"7":{"loc":{"start":{"line":115,"column":6},"end":{"line":125,"column":7}},"type":"if","locations":[{"start":{"line":115,"column":6},"end":{"line":125,"column":7}},{"start":{},"end":{}}],"line":115},"8":{"loc":{"start":{"line":118,"column":31},"end":{"line":120,"column":27}},"type":"cond-expr","locations":[{"start":{"line":119,"column":12},"end":{"line":119,"column":50}},{"start":{"line":120,"column":12},"end":{"line":120,"column":27}}],"line":118},"9":{"loc":{"start":{"line":140,"column":4},"end":{"line":142,"column":5}},"type":"if","locations":[{"start":{"line":140,"column":4},"end":{"line":142,"column":5}},{"start":{},"end":{}}],"line":140},"10":{"loc":{"start":{"line":171,"column":6},"end":{"line":180,"column":7}},"type":"if","locations":[{"start":{"line":171,"column":6},"end":{"line":180,"column":7}},{"start":{"line":175,"column":13},"end":{"line":180,"column":7}}],"line":171},"11":{"loc":{"start":{"line":187,"column":4},"end":{"line":189,"column":5}},"type":"if","locations":[{"start":{"line":187,"column":4},"end":{"line":189,"column":5}},{"start":{},"end":{}}],"line":187},"12":{"loc":{"start":{"line":192,"column":2},"end":{"line":203,"column":3}},"type":"if","locations":[{"start":{"line":192,"column":2},"end":{"line":203,"column":3}},{"start":{},"end":{}}],"line":192},"13":{"loc":{"start":{"line":207,"column":7},"end":{"line":245,"column":7}},"type":"cond-expr","locations":[{"start":{"line":208,"column":8},"end":{"line":235,"column":11}},{"start":{"line":237,"column":8},"end":{"line":244,"column":15}}],"line":207},"14":{"loc":{"start":{"line":218,"column":13},"end":{"line":230,"column":13}},"type":"binary-expr","locations":[{"start":{"line":218,"column":13},"end":{"line":218,"column":27}},{"start":{"line":219,"column":14},"end":{"line":229,"column":21}}],"line":218},"15":{"loc":{"start":{"line":263,"column":9},"end":{"line":282,"column":9}},"type":"binary-expr","locations":[{"start":{"line":263,"column":9},"end":{"line":263,"column":19}},{"start":{"line":264,"column":10},"end":{"line":281,"column":17}}],"line":263}},"s":{"0":17,"1":16,"2":16,"3":16,"4":16,"5":16,"6":16,"7":16,"8":16,"9":0,"10":16,"11":11,"12":11,"13":11,"14":11,"15":11,"16":11,"17":11,"18":0,"19":0,"20":0,"21":0,"22":0,"23":0,"24":0,"25":0,"26":0,"27":0,"28":0,"29":11,"30":16,"31":1,"32":1,"33":1,"34":1,"35":1,"36":1,"37":1,"38":0,"39":0,"40":0,"41":1,"42":16,"43":0,"44":0,"45":0,"46":0,"47":0,"48":0,"49":0,"50":0,"51":0,"52":0,"53":0,"54":0,"55":0,"56":0,"57":0,"58":0,"59":0,"60":0,"61":0,"62":0,"63":16,"64":0,"65":0,"66":0,"67":0,"68":0,"69":0,"70":0,"71":0,"72":0,"73":16,"74":0,"75":16,"76":0,"77":16,"78":0,"79":0,"80":16,"81":1,"82":1,"83":1,"84":1,"85":1,"86":0,"87":0,"88":0,"89":0,"90":1,"91":1,"92":16,"93":11,"94":10,"95":16,"96":11,"97":5,"98":0,"99":0,"100":0,"101":1},"f":{"0":17,"1":0,"2":11,"3":1,"4":0,"5":0,"6":0,"7":0,"8":0,"9":1,"10":1,"11":1,"12":11,"13":0,"14":0,"15":0},"b":{"0":[11,0],"1":[0,11],"2":[0,0],"3":[0,0],"4":[1,0],"5":[0,1],"6":[0,0],"7":[0,0],"8":[0,0],"9":[0,0],"10":[1,0],"11":[10,1],"12":[11,5],"13":[0,5],"14":[0,0],"15":[5,0]},"_coverageSchema":"1a1c01bbd47fc00a2c39e90264f33305004495a9","hash":"fbb7457042bb56516019e67a4b6af639b13ea60b"}
,"C:\\DTU\\3.semester\\02369 Software processes and patterns\\hesteapp\\MyStable\\app\\stables\\ViewAllHorses.tsx": {"path":"C:\\DTU\\3.semester\\02369 Software processes and patterns\\hesteapp\\MyStable\\app\\stables\\ViewAllHorses.tsx","statementMap":{"0":{"start":{"line":37,"column":30},"end":{"line":37,"column":56}},"1":{"start":{"line":38,"column":30},"end":{"line":38,"column":51}},"2":{"start":{"line":39,"column":32},"end":{"line":39,"column":46}},"3":{"start":{"line":40,"column":44},"end":{"line":40,"column":59}},"4":{"start":{"line":41,"column":44},"end":{"line":41,"column":72}},"5":{"start":{"line":43,"column":2},"end":{"line":105,"column":4}},"6":{"start":{"line":45,"column":26},"end":{"line":101,"column":7}},"7":{"start":{"line":46,"column":19},"end":{"line":46,"column":33}},"8":{"start":{"line":47,"column":21},"end":{"line":47,"column":37}},"9":{"start":{"line":49,"column":8},"end":{"line":53,"column":9}},"10":{"start":{"line":50,"column":10},"end":{"line":50,"column":43}},"11":{"start":{"line":51,"column":10},"end":{"line":51,"column":28}},"12":{"start":{"line":52,"column":10},"end":{"line":52,"column":17}},"13":{"start":{"line":55,"column":24},"end":{"line":55,"column":50}},"14":{"start":{"line":56,"column":25},"end":{"line":56,"column":46}},"15":{"start":{"line":58,"column":8},"end":{"line":62,"column":9}},"16":{"start":{"line":59,"column":10},"end":{"line":59,"column":40}},"17":{"start":{"line":60,"column":10},"end":{"line":60,"column":28}},"18":{"start":{"line":61,"column":10},"end":{"line":61,"column":17}},"19":{"start":{"line":64,"column":25},"end":{"line":64,"column":40}},"20":{"start":{"line":65,"column":25},"end":{"line":65,"column":43}},"21":{"start":{"line":67,"column":8},"end":{"line":71,"column":9}},"22":{"start":{"line":68,"column":10},"end":{"line":68,"column":57}},"23":{"start":{"line":69,"column":10},"end":{"line":69,"column":28}},"24":{"start":{"line":70,"column":10},"end":{"line":70,"column":17}},"25":{"start":{"line":73,"column":26},"end":{"line":73,"column":54}},"26":{"start":{"line":74,"column":27},"end":{"line":74,"column":50}},"27":{"start":{"line":76,"column":8},"end":{"line":80,"column":9}},"28":{"start":{"line":77,"column":10},"end":{"line":77,"column":42}},"29":{"start":{"line":78,"column":10},"end":{"line":78,"column":28}},"30":{"start":{"line":79,"column":10},"end":{"line":79,"column":17}},"31":{"start":{"line":82,"column":27},"end":{"line":82,"column":44}},"32":{"start":{"line":83,"column":24},"end":{"line":83,"column":49}},"33":{"start":{"line":84,"column":22},"end":{"line":84,"column":52}},"34":{"start":{"line":85,"column":8},"end":{"line":85,"column":53}},"35":{"start":{"line":87,"column":28},"end":{"line":90,"column":9}},"36":{"start":{"line":91,"column":30},"end":{"line":91,"column":56}},"37":{"start":{"line":93,"column":39},"end":{"line":93,"column":41}},"38":{"start":{"line":94,"column":8},"end":{"line":97,"column":11}},"39":{"start":{"line":95,"column":28},"end":{"line":95,"column":47}},"40":{"start":{"line":96,"column":10},"end":{"line":96,"column":59}},"41":{"start":{"line":99,"column":8},"end":{"line":99,"column":33}},"42":{"start":{"line":100,"column":8},"end":{"line":100,"column":26}},"43":{"start":{"line":103,"column":6},"end":{"line":103,"column":20}},"44":{"start":{"line":107,"column":26},"end":{"line":110,"column":3}},"45":{"start":{"line":108,"column":4},"end":{"line":108,"column":28}},"46":{"start":{"line":109,"column":4},"end":{"line":109,"column":26}},"47":{"start":{"line":112,"column":27},"end":{"line":115,"column":3}},"48":{"start":{"line":113,"column":4},"end":{"line":113,"column":27}},"49":{"start":{"line":114,"column":4},"end":{"line":114,"column":27}},"50":{"start":{"line":117,"column":2},"end":{"line":123,"column":3}},"51":{"start":{"line":118,"column":4},"end":{"line":122,"column":6}},"52":{"start":{"line":125,"column":2},"end":{"line":197,"column":4}},"53":{"start":{"line":130,"column":12},"end":{"line":183,"column":19}},"54":{"start":{"line":156,"column":22},"end":{"line":163,"column":29}},"55":{"start":{"line":176,"column":37},"end":{"line":176,"column":59}},"56":{"start":{"line":200,"column":15},"end":{"line":321,"column":2}}},"fnMap":{"0":{"name":"ViewAllHorsesScreen","decl":{"start":{"line":36,"column":24},"end":{"line":36,"column":43}},"loc":{"start":{"line":36,"column":46},"end":{"line":198,"column":1}},"line":36},"1":{"name":"(anonymous_1)","decl":{"start":{"line":44,"column":22},"end":{"line":44,"column":23}},"loc":{"start":{"line":44,"column":28},"end":{"line":104,"column":5}},"line":44},"2":{"name":"(anonymous_2)","decl":{"start":{"line":45,"column":26},"end":{"line":45,"column":27}},"loc":{"start":{"line":45,"column":38},"end":{"line":101,"column":7}},"line":45},"3":{"name":"(anonymous_3)","decl":{"start":{"line":94,"column":30},"end":{"line":94,"column":31}},"loc":{"start":{"line":94,"column":39},"end":{"line":97,"column":9}},"line":94},"4":{"name":"(anonymous_4)","decl":{"start":{"line":107,"column":26},"end":{"line":107,"column":27}},"loc":{"start":{"line":107,"column":44},"end":{"line":110,"column":3}},"line":107},"5":{"name":"(anonymous_5)","decl":{"start":{"line":112,"column":27},"end":{"line":112,"column":28}},"loc":{"start":{"line":112,"column":33},"end":{"line":115,"column":3}},"line":112},"6":{"name":"(anonymous_6)","decl":{"start":{"line":129,"column":22},"end":{"line":129,"column":23}},"loc":{"start":{"line":130,"column":12},"end":{"line":183,"column":19}},"line":130},"7":{"name":"(anonymous_7)","decl":{"start":{"line":155,"column":39},"end":{"line":155,"column":40}},"loc":{"start":{"line":156,"column":22},"end":{"line":163,"column":29}},"line":156},"8":{"name":"(anonymous_8)","decl":{"start":{"line":176,"column":31},"end":{"line":176,"column":32}},"loc":{"start":{"line":176,"column":37},"end":{"line":176,"column":59}},"line":176}},"branchMap":{"0":{"loc":{"start":{"line":49,"column":8},"end":{"line":53,"column":9}},"type":"if","locations":[{"start":{"line":49,"column":8},"end":{"line":53,"column":9}},{"start":{},"end":{}}],"line":49},"1":{"loc":{"start":{"line":58,"column":8},"end":{"line":62,"column":9}},"type":"if","locations":[{"start":{"line":58,"column":8},"end":{"line":62,"column":9}},{"start":{},"end":{}}],"line":58},"2":{"loc":{"start":{"line":67,"column":8},"end":{"line":71,"column":9}},"type":"if","locations":[{"start":{"line":67,"column":8},"end":{"line":71,"column":9}},{"start":{},"end":{}}],"line":67},"3":{"loc":{"start":{"line":76,"column":8},"end":{"line":80,"column":9}},"type":"if","locations":[{"start":{"line":76,"column":8},"end":{"line":80,"column":9}},{"start":{},"end":{}}],"line":76},"4":{"loc":{"start":{"line":83,"column":24},"end":{"line":83,"column":49}},"type":"binary-expr","locations":[{"start":{"line":83,"column":24},"end":{"line":83,"column":43}},{"start":{"line":83,"column":47},"end":{"line":83,"column":49}}],"line":83},"5":{"loc":{"start":{"line":117,"column":2},"end":{"line":123,"column":3}},"type":"if","locations":[{"start":{"line":117,"column":2},"end":{"line":123,"column":3}},{"start":{},"end":{}}],"line":117},"6":{"loc":{"start":{"line":127,"column":7},"end":{"line":188,"column":7}},"type":"cond-expr","locations":[{"start":{"line":128,"column":8},"end":{"line":185,"column":15}},{"start":{"line":187,"column":8},"end":{"line":187,"column":77}}],"line":127},"7":{"loc":{"start":{"line":133,"column":46},"end":{"line":133,"column":69}},"type":"binary-expr","locations":[{"start":{"line":133,"column":46},"end":{"line":133,"column":56}},{"start":{"line":133,"column":60},"end":{"line":133,"column":69}}],"line":133},"8":{"loc":{"start":{"line":135,"column":27},"end":{"line":135,"column":51}},"type":"binary-expr","locations":[{"start":{"line":135,"column":27},"end":{"line":135,"column":38}},{"start":{"line":135,"column":42},"end":{"line":135,"column":51}}],"line":135},"9":{"loc":{"start":{"line":138,"column":28},"end":{"line":138,"column":50}},"type":"binary-expr","locations":[{"start":{"line":138,"column":28},"end":{"line":138,"column":37}},{"start":{"line":138,"column":41},"end":{"line":138,"column":50}}],"line":138},"10":{"loc":{"start":{"line":154,"column":19},"end":{"line":169,"column":19}},"type":"cond-expr","locations":[{"start":{"line":155,"column":20},"end":{"line":164,"column":22}},{"start":{"line":166,"column":20},"end":{"line":168,"column":27}}],"line":154},"11":{"loc":{"start":{"line":154,"column":19},"end":{"line":154,"column":62}},"type":"binary-expr","locations":[{"start":{"line":154,"column":19},"end":{"line":154,"column":33}},{"start":{"line":154,"column":37},"end":{"line":154,"column":62}}],"line":154},"12":{"loc":{"start":{"line":158,"column":27},"end":{"line":158,"column":55}},"type":"binary-expr","locations":[{"start":{"line":158,"column":27},"end":{"line":158,"column":39}},{"start":{"line":158,"column":43},"end":{"line":158,"column":55}}],"line":158},"13":{"loc":{"start":{"line":172,"column":17},"end":{"line":181,"column":17}},"type":"binary-expr","locations":[{"start":{"line":172,"column":17},"end":{"line":172,"column":32}},{"start":{"line":173,"column":18},"end":{"line":180,"column":25}}],"line":172}},"s":{"0":0,"1":0,"2":0,"3":0,"4":0,"5":0,"6":0,"7":0,"8":0,"9":0,"10":0,"11":0,"12":0,"13":0,"14":0,"15":0,"16":0,"17":0,"18":0,"19":0,"20":0,"21":0,"22":0,"23":0,"24":0,"25":0,"26":0,"27":0,"28":0,"29":0,"30":0,"31":0,"32":0,"33":0,"34":0,"35":0,"36":0,"37":0,"38":0,"39":0,"40":0,"41":0,"42":0,"43":0,"44":0,"45":0,"46":0,"47":0,"48":0,"49":0,"50":0,"51":0,"52":0,"53":0,"54":0,"55":0,"56":1},"f":{"0":0,"1":0,"2":0,"3":0,"4":0,"5":0,"6":0,"7":0,"8":0},"b":{"0":[0,0],"1":[0,0],"2":[0,0],"3":[0,0],"4":[0,0],"5":[0,0],"6":[0,0],"7":[0,0],"8":[0,0],"9":[0,0],"10":[0,0],"11":[0,0],"12":[0,0],"13":[0,0]},"_coverageSchema":"1a1c01bbd47fc00a2c39e90264f33305004495a9","hash":"39d16e0d9b6e640b3c1a2b7be7474b2d4ba2fe6c"}
,"C:\\DTU\\3.semester\\02369 Software processes and patterns\\hesteapp\\MyStable\\components\\AddHorseButton.tsx": {"path":"C:\\DTU\\3.semester\\02369 Software processes and patterns\\hesteapp\\MyStable\\components\\AddHorseButton.tsx","statementMap":{"0":{"start":{"line":5,"column":58},"end":{"line":11,"column":1}},"1":{"start":{"line":6,"column":2},"end":{"line":10,"column":4}},"2":{"start":{"line":13,"column":15},"end":{"line":31,"column":2}}},"fnMap":{"0":{"name":"(anonymous_0)","decl":{"start":{"line":5,"column":58},"end":{"line":5,"column":59}},"loc":{"start":{"line":5,"column":75},"end":{"line":11,"column":1}},"line":5}},"branchMap":{},"s":{"0":1,"1":0,"2":1},"f":{"0":0},"b":{},"_coverageSchema":"1a1c01bbd47fc00a2c39e90264f33305004495a9","hash":"781a051f5c03ba035037a09b47ef4f3a154ef57f"}
,"C:\\DTU\\3.semester\\02369 Software processes and patterns\\hesteapp\\MyStable\\components\\AddHorseModal.tsx": {"path":"C:\\DTU\\3.semester\\02369 Software processes and patterns\\hesteapp\\MyStable\\components\\AddHorseModal.tsx","statementMap":{"0":{"start":{"line":19,"column":5},"end":{"line":173,"column":1}},"1":{"start":{"line":20,"column":26},"end":{"line":20,"column":38}},"2":{"start":{"line":21,"column":28},"end":{"line":21,"column":40}},"3":{"start":{"line":22,"column":24},"end":{"line":22,"column":36}},"4":{"start":{"line":23,"column":28},"end":{"line":23,"column":40}},"5":{"start":{"line":24,"column":34},"end":{"line":24,"column":72}},"6":{"start":{"line":25,"column":28},"end":{"line":25,"column":40}},"7":{"start":{"line":27,"column":2},"end":{"line":42,"column":18}},"8":{"start":{"line":28,"column":4},"end":{"line":41,"column":5}},"9":{"start":{"line":29,"column":6},"end":{"line":29,"column":62}},"10":{"start":{"line":30,"column":6},"end":{"line":30,"column":36}},"11":{"start":{"line":31,"column":6},"end":{"line":31,"column":38}},"12":{"start":{"line":32,"column":6},"end":{"line":32,"column":57}},"13":{"start":{"line":33,"column":6},"end":{"line":33,"column":38}},"14":{"start":{"line":34,"column":6},"end":{"line":34,"column":70}},"15":{"start":{"line":36,"column":6},"end":{"line":36,"column":18}},"16":{"start":{"line":37,"column":6},"end":{"line":37,"column":19}},"17":{"start":{"line":38,"column":6},"end":{"line":38,"column":17}},"18":{"start":{"line":39,"column":6},"end":{"line":39,"column":19}},"19":{"start":{"line":40,"column":6},"end":{"line":40,"column":48}},"20":{"start":{"line":44,"column":26},"end":{"line":84,"column":3}},"21":{"start":{"line":45,"column":4},"end":{"line":45,"column":39}},"22":{"start":{"line":47,"column":4},"end":{"line":50,"column":5}},"23":{"start":{"line":48,"column":6},"end":{"line":48,"column":46}},"24":{"start":{"line":49,"column":6},"end":{"line":49,"column":13}},"25":{"start":{"line":52,"column":4},"end":{"line":56,"column":5}},"26":{"start":{"line":53,"column":6},"end":{"line":53,"column":42}},"27":{"start":{"line":54,"column":6},"end":{"line":54,"column":39}},"28":{"start":{"line":55,"column":6},"end":{"line":55,"column":13}},"29":{"start":{"line":58,"column":4},"end":{"line":83,"column":5}},"30":{"start":{"line":59,"column":27},"end":{"line":66,"column":7}},"31":{"start":{"line":68,"column":6},"end":{"line":76,"column":7}},"32":{"start":{"line":69,"column":25},"end":{"line":69,"column":56}},"33":{"start":{"line":70,"column":8},"end":{"line":70,"column":45}},"34":{"start":{"line":71,"column":8},"end":{"line":71,"column":50}},"35":{"start":{"line":73,"column":36},"end":{"line":73,"column":60}},"36":{"start":{"line":74,"column":8},"end":{"line":74,"column":56}},"37":{"start":{"line":75,"column":8},"end":{"line":75,"column":52}},"38":{"start":{"line":78,"column":6},"end":{"line":78,"column":17}},"39":{"start":{"line":79,"column":6},"end":{"line":79,"column":16}},"40":{"start":{"line":81,"column":6},"end":{"line":81,"column":48}},"41":{"start":{"line":82,"column":6},"end":{"line":82,"column":56}},"42":{"start":{"line":87,"column":30},"end":{"line":89,"column":3}},"43":{"start":{"line":88,"column":4},"end":{"line":88,"column":59}},"44":{"start":{"line":91,"column":30},"end":{"line":96,"column":3}},"45":{"start":{"line":92,"column":28},"end":{"line":94,"column":5}},"46":{"start":{"line":93,"column":6},"end":{"line":93,"column":58}},"47":{"start":{"line":95,"column":4},"end":{"line":95,"column":33}},"48":{"start":{"line":98,"column":2},"end":{"line":172,"column":4}},"49":{"start":{"line":120,"column":14},"end":{"line":120,"column":27}},"50":{"start":{"line":133,"column":12},"end":{"line":150,"column":19}},"51":{"start":{"line":139,"column":18},"end":{"line":139,"column":59}},"52":{"start":{"line":147,"column":18},"end":{"line":147,"column":63}},"53":{"start":{"line":177,"column":15},"end":{"line":253,"column":2}}},"fnMap":{"0":{"name":"(anonymous_0)","decl":{"start":{"line":19,"column":5},"end":{"line":19,"column":6}},"loc":{"start":{"line":19,"column":52},"end":{"line":173,"column":1}},"line":19},"1":{"name":"(anonymous_1)","decl":{"start":{"line":27,"column":12},"end":{"line":27,"column":13}},"loc":{"start":{"line":27,"column":18},"end":{"line":42,"column":3}},"line":27},"2":{"name":"(anonymous_2)","decl":{"start":{"line":44,"column":26},"end":{"line":44,"column":27}},"loc":{"start":{"line":44,"column":38},"end":{"line":84,"column":3}},"line":44},"3":{"name":"(anonymous_3)","decl":{"start":{"line":87,"column":30},"end":{"line":87,"column":31}},"loc":{"start":{"line":87,"column":36},"end":{"line":89,"column":3}},"line":87},"4":{"name":"(anonymous_4)","decl":{"start":{"line":91,"column":30},"end":{"line":91,"column":31}},"loc":{"start":{"line":91,"column":77},"end":{"line":96,"column":3}},"line":91},"5":{"name":"(anonymous_5)","decl":{"start":{"line":92,"column":41},"end":{"line":92,"column":42}},"loc":{"start":{"line":93,"column":6},"end":{"line":93,"column":58}},"line":93},"6":{"name":"(anonymous_6)","decl":{"start":{"line":119,"column":26},"end":{"line":119,"column":27}},"loc":{"start":{"line":119,"column":36},"end":{"line":121,"column":13}},"line":119},"7":{"name":"(anonymous_7)","decl":{"start":{"line":132,"column":24},"end":{"line":132,"column":25}},"loc":{"start":{"line":133,"column":12},"end":{"line":150,"column":19}},"line":133},"8":{"name":"(anonymous_8)","decl":{"start":{"line":138,"column":30},"end":{"line":138,"column":31}},"loc":{"start":{"line":139,"column":18},"end":{"line":139,"column":59}},"line":139},"9":{"name":"(anonymous_9)","decl":{"start":{"line":146,"column":30},"end":{"line":146,"column":31}},"loc":{"start":{"line":147,"column":18},"end":{"line":147,"column":63}},"line":147}},"branchMap":{"0":{"loc":{"start":{"line":28,"column":4},"end":{"line":41,"column":5}},"type":"if","locations":[{"start":{"line":28,"column":4},"end":{"line":41,"column":5}},{"start":{"line":35,"column":11},"end":{"line":41,"column":5}}],"line":28},"1":{"loc":{"start":{"line":30,"column":14},"end":{"line":30,"column":34}},"type":"binary-expr","locations":[{"start":{"line":30,"column":14},"end":{"line":30,"column":28}},{"start":{"line":30,"column":32},"end":{"line":30,"column":34}}],"line":30},"2":{"loc":{"start":{"line":31,"column":15},"end":{"line":31,"column":36}},"type":"binary-expr","locations":[{"start":{"line":31,"column":15},"end":{"line":31,"column":30}},{"start":{"line":31,"column":34},"end":{"line":31,"column":36}}],"line":31},"3":{"loc":{"start":{"line":32,"column":13},"end":{"line":32,"column":55}},"type":"cond-expr","locations":[{"start":{"line":32,"column":29},"end":{"line":32,"column":50}},{"start":{"line":32,"column":53},"end":{"line":32,"column":55}}],"line":32},"4":{"loc":{"start":{"line":33,"column":15},"end":{"line":33,"column":36}},"type":"binary-expr","locations":[{"start":{"line":33,"column":15},"end":{"line":33,"column":30}},{"start":{"line":33,"column":34},"end":{"line":33,"column":36}}],"line":33},"5":{"loc":{"start":{"line":34,"column":18},"end":{"line":34,"column":68}},"type":"binary-expr","locations":[{"start":{"line":34,"column":18},"end":{"line":34,"column":36}},{"start":{"line":34,"column":40},"end":{"line":34,"column":68}}],"line":34},"6":{"loc":{"start":{"line":47,"column":4},"end":{"line":50,"column":5}},"type":"if","locations":[{"start":{"line":47,"column":4},"end":{"line":50,"column":5}},{"start":{},"end":{}}],"line":47},"7":{"loc":{"start":{"line":52,"column":4},"end":{"line":56,"column":5}},"type":"if","locations":[{"start":{"line":52,"column":4},"end":{"line":56,"column":5}},{"start":{},"end":{}}],"line":52},"8":{"loc":{"start":{"line":52,"column":8},"end":{"line":52,"column":41}},"type":"binary-expr","locations":[{"start":{"line":52,"column":8},"end":{"line":52,"column":13}},{"start":{"line":52,"column":17},"end":{"line":52,"column":23}},{"start":{"line":52,"column":27},"end":{"line":52,"column":31}},{"start":{"line":52,"column":35},"end":{"line":52,"column":41}}],"line":52},"9":{"loc":{"start":{"line":68,"column":6},"end":{"line":76,"column":7}},"type":"if","locations":[{"start":{"line":68,"column":6},"end":{"line":76,"column":7}},{"start":{"line":72,"column":13},"end":{"line":76,"column":7}}],"line":68},"10":{"loc":{"start":{"line":93,"column":6},"end":{"line":93,"column":58}},"type":"cond-expr","locations":[{"start":{"line":93,"column":20},"end":{"line":93,"column":48}},{"start":{"line":93,"column":51},"end":{"line":93,"column":58}}],"line":93}},"s":{"0":1,"1":5,"2":5,"3":5,"4":5,"5":5,"6":5,"7":5,"8":5,"9":0,"10":0,"11":0,"12":0,"13":0,"14":0,"15":5,"16":5,"17":5,"18":5,"19":5,"20":5,"21":0,"22":0,"23":0,"24":0,"25":0,"26":0,"27":0,"28":0,"29":0,"30":0,"31":0,"32":0,"33":0,"34":0,"35":0,"36":0,"37":0,"38":0,"39":0,"40":0,"41":0,"42":5,"43":0,"44":5,"45":0,"46":0,"47":0,"48":5,"49":0,"50":5,"51":0,"52":0,"53":1},"f":{"0":5,"1":5,"2":0,"3":0,"4":0,"5":0,"6":0,"7":5,"8":0,"9":0},"b":{"0":[0,5],"1":[0,0],"2":[0,0],"3":[0,0],"4":[0,0],"5":[0,0],"6":[0,0],"7":[0,0],"8":[0,0,0,0],"9":[0,0],"10":[0,0]},"_coverageSchema":"1a1c01bbd47fc00a2c39e90264f33305004495a9","hash":"7e5694a8fc225d48e519815420d7ebbebcbf43f0"}
,"C:\\DTU\\3.semester\\02369 Software processes and patterns\\hesteapp\\MyStable\\components\\StyledText.tsx": {"path":"C:\\DTU\\3.semester\\02369 Software processes and patterns\\hesteapp\\MyStable\\components\\StyledText.tsx","statementMap":{"0":{"start":{"line":4,"column":2},"end":{"line":4,"column":80}}},"fnMap":{"0":{"name":"MonoText","decl":{"start":{"line":3,"column":16},"end":{"line":3,"column":24}},"loc":{"start":{"line":3,"column":43},"end":{"line":5,"column":1}},"line":3}},"branchMap":{},"s":{"0":1},"f":{"0":1},"b":{},"_coverageSchema":"1a1c01bbd47fc00a2c39e90264f33305004495a9","hash":"3cfbdba26cc07f5cd03b2ccd97ce5e6327c8028f"}
,"C:\\DTU\\3.semester\\02369 Software processes and patterns\\hesteapp\\MyStable\\components\\Themed.tsx": {"path":"C:\\DTU\\3.semester\\02369 Software processes and patterns\\hesteapp\\MyStable\\components\\Themed.tsx","statementMap":{"0":{"start":{"line":23,"column":16},"end":{"line":23,"column":43}},"1":{"start":{"line":24,"column":25},"end":{"line":24,"column":37}},"2":{"start":{"line":26,"column":2},"end":{"line":30,"column":3}},"3":{"start":{"line":27,"column":4},"end":{"line":27,"column":26}},"4":{"start":{"line":29,"column":4},"end":{"line":29,"column":36}},"5":{"start":{"line":34,"column":58},"end":{"line":34,"column":63}},"6":{"start":{"line":35,"column":16},"end":{"line":35,"column":77}},"7":{"start":{"line":37,"column":2},"end":{"line":37,"column":68}},"8":{"start":{"line":41,"column":58},"end":{"line":41,"column":63}},"9":{"start":{"line":42,"column":26},"end":{"line":45,"column":3}},"10":{"start":{"line":47,"column":2},"end":{"line":47,"column":78}}},"fnMap":{"0":{"name":"useThemeColor","decl":{"start":{"line":19,"column":16},"end":{"line":19,"column":29}},"loc":{"start":{"line":22,"column":2},"end":{"line":31,"column":1}},"line":22},"1":{"name":"Text","decl":{"start":{"line":33,"column":16},"end":{"line":33,"column":20}},"loc":{"start":{"line":33,"column":39},"end":{"line":38,"column":1}},"line":33},"2":{"name":"View","decl":{"start":{"line":40,"column":16},"end":{"line":40,"column":20}},"loc":{"start":{"line":40,"column":39},"end":{"line":48,"column":1}},"line":40}},"branchMap":{"0":{"loc":{"start":{"line":23,"column":16},"end":{"line":23,"column":43}},"type":"binary-expr","locations":[{"start":{"line":23,"column":16},"end":{"line":23,"column":32}},{"start":{"line":23,"column":36},"end":{"line":23,"column":43}}],"line":23},"1":{"loc":{"start":{"line":26,"column":2},"end":{"line":30,"column":3}},"type":"if","locations":[{"start":{"line":26,"column":2},"end":{"line":30,"column":3}},{"start":{"line":28,"column":9},"end":{"line":30,"column":3}}],"line":26}},"s":{"0":27,"1":27,"2":27,"3":0,"4":27,"5":11,"6":11,"7":11,"8":16,"9":16,"10":16},"f":{"0":27,"1":11,"2":16},"b":{"0":[27,0],"1":[0,27]},"_coverageSchema":"1a1c01bbd47fc00a2c39e90264f33305004495a9","hash":"1fec58638a98169b7026fb6b4a26714f772eee80"}
,"C:\\DTU\\3.semester\\02369 Software processes and patterns\\hesteapp\\MyStable\\components\\useColorScheme.ts": {"path":"C:\\DTU\\3.semester\\02369 Software processes and patterns\\hesteapp\\MyStable\\components\\useColorScheme.ts","statementMap":{},"fnMap":{},"branchMap":{},"s":{},"f":{},"b":{},"_coverageSchema":"1a1c01bbd47fc00a2c39e90264f33305004495a9","hash":"3dba401b1413cf344584dc7afdb09a20f28e2be0"}
,"C:\\DTU\\3.semester\\02369 Software processes and patterns\\hesteapp\\MyStable\\constants\\Colors.ts": {"path":"C:\\DTU\\3.semester\\02369 Software processes and patterns\\hesteapp\\MyStable\\constants\\Colors.ts","statementMap":{"0":{"start":{"line":1,"column":23},"end":{"line":1,"column":32}},"1":{"start":{"line":2,"column":22},"end":{"line":2,"column":28}}},"fnMap":{},"branchMap":{},"s":{"0":2,"1":2},"f":{},"b":{},"_coverageSchema":"1a1c01bbd47fc00a2c39e90264f33305004495a9","hash":"4f57df4887e3400bb213d52c3bb50714bd30f166"}
}
