TN:
SF:app\_layout.tsx
FN:47,RootLayout
FN:54,(anonymous_1)
FN:58,(anonymous_2)
FN:71,RootLayoutNav
FN:75,(anonymous_4)
FN:76,(anonymous_5)
FN:80,(anonymous_6)
FN:97,(anonymous_7)
FNF:8
FNH:0
FNDA:0,RootLayout
FNDA:0,(anonymous_1)
FNDA:0,(anonymous_2)
FNDA:0,RootLayoutNav
FNDA:0,(anonymous_4)
FNDA:0,(anonymous_5)
FNDA:0,(anonymous_6)
FNDA:0,(anonymous_7)
DA:19,1
DA:39,1
DA:45,1
DA:48,0
DA:54,0
DA:55,0
DA:58,0
DA:59,0
DA:60,0
DA:64,0
DA:65,0
DA:68,0
DA:72,0
DA:73,0
DA:75,0
DA:76,0
DA:77,0
DA:80,0
DA:83,0
DA:98,0
DA:121,1
LF:21
LH:4
BRDA:55,0,0,0
BRDA:55,0,1,0
BRDA:59,1,0,0
BRDA:59,1,1,0
BRDA:64,2,0,0
BRDA:64,2,1,0
BRDA:105,3,0,0
BRDA:105,3,1,0
BRF:8
BRH:0
end_of_record
TN:
SF:app\(tabs)\index.tsx
FN:30,TabOneScreen
FN:41,(anonymous_1)
FN:46,(anonymous_2)
FN:80,(anonymous_3)
FN:99,(anonymous_4)
FN:139,(anonymous_5)
FN:156,(anonymous_6)
FN:160,(anonymous_7)
FN:164,(anonymous_8)
FN:169,(anonymous_9)
FN:170,(anonymous_10)
FN:183,(anonymous_11)
FN:186,(anonymous_12)
FN:222,(anonymous_13)
FN:240,(anonymous_14)
FN:258,(anonymous_15)
FNF:16
FNH:7
FNDA:17,TabOneScreen
FNDA:0,(anonymous_1)
FNDA:11,(anonymous_2)
FNDA:1,(anonymous_3)
FNDA:0,(anonymous_4)
FNDA:0,(anonymous_5)
FNDA:0,(anonymous_6)
FNDA:0,(anonymous_7)
FNDA:0,(anonymous_8)
FNDA:1,(anonymous_9)
FNDA:1,(anonymous_10)
FNDA:1,(anonymous_11)
FNDA:11,(anonymous_12)
FNDA:0,(anonymous_13)
FNDA:0,(anonymous_14)
FNDA:0,(anonymous_15)
DA:31,17
DA:32,16
DA:33,16
DA:34,16
DA:35,16
DA:36,16
DA:37,16
DA:38,16
DA:40,16
DA:42,0
DA:46,16
DA:47,11
DA:48,11
DA:49,11
DA:51,11
DA:52,11
DA:53,11
DA:55,11
DA:56,0
DA:57,0
DA:59,0
DA:60,0
DA:61,0
DA:63,0
DA:64,0
DA:67,0
DA:68,0
DA:70,0
DA:72,0
DA:77,11
DA:80,16
DA:81,1
DA:82,1
DA:84,1
DA:85,1
DA:86,1
DA:87,1
DA:89,1
DA:90,0
DA:91,0
DA:92,0
DA:94,1
DA:99,16
DA:100,0
DA:101,0
DA:104,0
DA:105,0
DA:106,0
DA:107,0
DA:109,0
DA:113,0
DA:114,0
DA:115,0
DA:116,0
DA:118,0
DA:121,0
DA:127,0
DA:128,0
DA:130,0
DA:131,0
DA:132,0
DA:134,0
DA:135,0
DA:139,16
DA:140,0
DA:141,0
DA:144,0
DA:145,0
DA:146,0
DA:148,0
DA:149,0
DA:151,0
DA:152,0
DA:156,16
DA:157,0
DA:160,16
DA:161,0
DA:164,16
DA:165,0
DA:166,0
DA:169,16
DA:170,1
DA:171,1
DA:172,1
DA:173,1
DA:174,1
DA:176,0
DA:177,0
DA:178,0
DA:179,0
DA:183,1
DA:186,16
DA:187,11
DA:188,10
DA:192,16
DA:193,11
DA:205,5
DA:222,0
DA:240,0
DA:258,0
DA:288,1
LF:101
LH:46
BRDA:51,0,0,11
BRDA:51,0,1,0
BRDA:55,1,0,0
BRDA:55,1,1,11
BRDA:59,2,0,0
BRDA:59,2,1,0
BRDA:63,3,0,0
BRDA:63,3,1,0
BRDA:84,4,0,1
BRDA:84,4,1,0
BRDA:89,5,0,0
BRDA:89,5,1,1
BRDA:100,6,0,0
BRDA:100,6,1,0
BRDA:115,7,0,0
BRDA:115,7,1,0
BRDA:118,8,0,0
BRDA:118,8,1,0
BRDA:140,9,0,0
BRDA:140,9,1,0
BRDA:171,10,0,1
BRDA:171,10,1,0
BRDA:187,11,0,10
BRDA:187,11,1,1
BRDA:192,12,0,11
BRDA:192,12,1,5
BRDA:207,13,0,0
BRDA:207,13,1,5
BRDA:218,14,0,0
BRDA:218,14,1,0
BRDA:263,15,0,5
BRDA:263,15,1,0
BRF:32
BRH:11
end_of_record
TN:
SF:app\stables\ViewAllHorses.tsx
FN:36,ViewAllHorsesScreen
FN:44,(anonymous_1)
FN:45,(anonymous_2)
FN:94,(anonymous_3)
FN:107,(anonymous_4)
FN:112,(anonymous_5)
FN:129,(anonymous_6)
FN:155,(anonymous_7)
FN:176,(anonymous_8)
FNF:9
FNH:0
FNDA:0,ViewAllHorsesScreen
FNDA:0,(anonymous_1)
FNDA:0,(anonymous_2)
FNDA:0,(anonymous_3)
FNDA:0,(anonymous_4)
FNDA:0,(anonymous_5)
FNDA:0,(anonymous_6)
FNDA:0,(anonymous_7)
FNDA:0,(anonymous_8)
DA:37,0
DA:38,0
DA:39,0
DA:40,0
DA:41,0
DA:43,0
DA:45,0
DA:46,0
DA:47,0
DA:49,0
DA:50,0
DA:51,0
DA:52,0
DA:55,0
DA:56,0
DA:58,0
DA:59,0
DA:60,0
DA:61,0
DA:64,0
DA:65,0
DA:67,0
DA:68,0
DA:69,0
DA:70,0
DA:73,0
DA:74,0
DA:76,0
DA:77,0
DA:78,0
DA:79,0
DA:82,0
DA:83,0
DA:84,0
DA:85,0
DA:87,0
DA:91,0
DA:93,0
DA:94,0
DA:95,0
DA:96,0
DA:99,0
DA:100,0
DA:103,0
DA:107,0
DA:108,0
DA:109,0
DA:112,0
DA:113,0
DA:114,0
DA:117,0
DA:118,0
DA:125,0
DA:130,0
DA:156,0
DA:176,0
DA:200,1
LF:57
LH:1
BRDA:49,0,0,0
BRDA:49,0,1,0
BRDA:58,1,0,0
BRDA:58,1,1,0
BRDA:67,2,0,0
BRDA:67,2,1,0
BRDA:76,3,0,0
BRDA:76,3,1,0
BRDA:83,4,0,0
BRDA:83,4,1,0
BRDA:117,5,0,0
BRDA:117,5,1,0
BRDA:127,6,0,0
BRDA:127,6,1,0
BRDA:133,7,0,0
BRDA:133,7,1,0
BRDA:135,8,0,0
BRDA:135,8,1,0
BRDA:138,9,0,0
BRDA:138,9,1,0
BRDA:154,10,0,0
BRDA:154,10,1,0
BRDA:154,11,0,0
BRDA:154,11,1,0
BRDA:158,12,0,0
BRDA:158,12,1,0
BRDA:172,13,0,0
BRDA:172,13,1,0
BRF:28
BRH:0
end_of_record
TN:
SF:components\AddHorseButton.tsx
FN:5,(anonymous_0)
FNF:1
FNH:0
FNDA:0,(anonymous_0)
DA:5,1
DA:6,0
DA:13,1
LF:3
LH:2
BRF:0
BRH:0
end_of_record
TN:
SF:components\AddHorseModal.tsx
FN:19,(anonymous_0)
FN:27,(anonymous_1)
FN:44,(anonymous_2)
FN:87,(anonymous_3)
FN:91,(anonymous_4)
FN:92,(anonymous_5)
FN:119,(anonymous_6)
FN:132,(anonymous_7)
FN:138,(anonymous_8)
FN:146,(anonymous_9)
FNF:10
FNH:3
FNDA:5,(anonymous_0)
FNDA:5,(anonymous_1)
FNDA:0,(anonymous_2)
FNDA:0,(anonymous_3)
FNDA:0,(anonymous_4)
FNDA:0,(anonymous_5)
FNDA:0,(anonymous_6)
FNDA:5,(anonymous_7)
FNDA:0,(anonymous_8)
FNDA:0,(anonymous_9)
DA:19,1
DA:20,5
DA:21,5
DA:22,5
DA:23,5
DA:24,5
DA:25,5
DA:27,5
DA:28,5
DA:29,0
DA:30,0
DA:31,0
DA:32,0
DA:33,0
DA:34,0
DA:36,5
DA:37,5
DA:38,5
DA:39,5
DA:40,5
DA:44,5
DA:45,0
DA:47,0
DA:48,0
DA:49,0
DA:52,0
DA:53,0
DA:54,0
DA:55,0
DA:58,0
DA:59,0
DA:68,0
DA:69,0
DA:70,0
DA:71,0
DA:73,0
DA:74,0
DA:75,0
DA:78,0
DA:79,0
DA:81,0
DA:82,0
DA:87,5
DA:88,0
DA:91,5
DA:92,0
DA:93,0
DA:95,0
DA:98,5
DA:120,0
DA:133,5
DA:139,0
DA:147,0
DA:177,1
LF:54
LH:20
BRDA:28,0,0,0
BRDA:28,0,1,5
BRDA:30,1,0,0
BRDA:30,1,1,0
BRDA:31,2,0,0
BRDA:31,2,1,0
BRDA:32,3,0,0
BRDA:32,3,1,0
BRDA:33,4,0,0
BRDA:33,4,1,0
BRDA:34,5,0,0
BRDA:34,5,1,0
BRDA:47,6,0,0
BRDA:47,6,1,0
BRDA:52,7,0,0
BRDA:52,7,1,0
BRDA:52,8,0,0
BRDA:52,8,1,0
BRDA:52,8,2,0
BRDA:52,8,3,0
BRDA:68,9,0,0
BRDA:68,9,1,0
BRDA:93,10,0,0
BRDA:93,10,1,0
BRF:24
BRH:1
end_of_record
TN:
SF:components\StyledText.tsx
FN:3,MonoText
FNF:1
FNH:1
FNDA:1,MonoText
DA:4,1
LF:1
LH:1
BRF:0
BRH:0
end_of_record
TN:
SF:components\Themed.tsx
FN:19,useThemeColor
FN:33,Text
FN:40,View
FNF:3
FNH:3
FNDA:27,useThemeColor
FNDA:11,Text
FNDA:16,View
DA:23,27
DA:24,27
DA:26,27
DA:27,0
DA:29,27
DA:34,11
DA:35,11
DA:37,11
DA:41,16
DA:42,16
DA:47,16
LF:11
LH:10
BRDA:23,0,0,27
BRDA:23,0,1,0
BRDA:26,1,0,0
BRDA:26,1,1,27
BRF:4
BRH:2
end_of_record
TN:
SF:components\useColorScheme.ts
FNF:0
FNH:0
LF:0
LH:0
BRF:0
BRH:0
end_of_record
TN:
SF:constants\Colors.ts
FNF:0
FNH:0
DA:1,2
DA:2,2
LF:2
LH:2
BRF:0
BRH:0
end_of_record
